#
# There is insufficient memory for the Java Runtime Environment to continue.
# Native memory allocation (mmap) failed to map 65536 bytes. Error detail: Failed to commit metaspace.
# Possible reasons:
#   The system is out of physical RAM or swap space
#   This process is running with CompressedOops enabled, and the Java Heap may be blocking the growth of the native heap
# Possible solutions:
#   Reduce memory load on the system
#   Increase physical memory or swap space
#   Check if swap backing store is full
#   Decrease Java heap size (-Xmx/-Xms)
#   Decrease number of Java threads
#   Decrease Java thread stack sizes (-Xss)
#   Set larger code cache with -XX:ReservedCodeCacheSize=
#   JVM is running with Unscaled Compressed Oops mode in which the Java heap is
#     placed in the first 4GB address space. The Java Heap base address is the
#     maximum limit for the native heap growth. Please use -XX:HeapBaseMinAddress
#     to set the Java Heap base and to place the Java Heap above 4GB virtual address.
# This output file may be truncated or incomplete.
#
#  Out of Memory Error (virtualSpaceNode.cpp:110), pid=2760, tid=14548
#
# JRE version: OpenJDK Runtime Environment Temurin-17.0.11+9 (17.0.11+9) (build 17.0.11+9)
# Java VM: OpenJDK 64-Bit Server VM Temurin-17.0.11+9 (17.0.11+9, mixed mode, tiered, compressed oops, compressed class ptrs, g1 gc, windows-amd64)
# No core dump will be written. Minidumps are not enabled by default on client versions of Windows
#

---------------  S U M M A R Y ------------

Command Line: -XX:+ShowCodeDetailsInExceptionMessages com.sugessti.gamerec.GamerecApplication

Host: Intel(R) Core(TM) i3-10110U CPU @ 2.10GHz, 4 cores, 7G,  Windows 11 , 64 bit Build 22621 (10.0.22621.3672)
Time: Mon Jul  1 15:04:11 2024 Eastern Daylight Time elapsed time: 1.380901 seconds (0d 0h 0m 1s)

---------------  T H R E A D  ---------------

Current thread (0x000001b5a936d300):  JavaThread "main" [_thread_in_vm, id=14548, stack(0x0000006f9f300000,0x0000006f9f400000)]

Stack: [0x0000006f9f300000,0x0000006f9f400000]
Native frames: (J=compiled Java code, j=interpreted, Vv=VM code, C=native code)
V  [jvm.dll+0x67d429]
V  [jvm.dll+0x834b7a]
V  [jvm.dll+0x83663e]
V  [jvm.dll+0x836ca3]
V  [jvm.dll+0x247dbf]
V  [jvm.dll+0x83083b]
V  [jvm.dll+0x621d56]
V  [jvm.dll+0x1c1b3e]
V  [jvm.dll+0x6246b1]
V  [jvm.dll+0x6226f6]
V  [jvm.dll+0x2456cc]
V  [jvm.dll+0x6d424d]
V  [jvm.dll+0x6d4c8f]
V  [jvm.dll+0x3734b4]
V  [jvm.dll+0x373326]
V  [jvm.dll+0x372534]
V  [jvm.dll+0x3724d8]
V  [jvm.dll+0x38255a]
C  0x000001b5b353b745

The last pc belongs to new (printed below).
Java frames: (J=compiled Java code, j=interpreted, Vv=VM code)
j  org.springframework.context.support.GenericApplicationContext.<init>()V+21
j  org.springframework.web.context.support.GenericWebApplicationContext.<init>()V+1
j  org.springframework.boot.web.servlet.context.ServletWebServerApplicationContext.<init>()V+1
j  org.springframework.boot.web.servlet.context.AnnotationConfigServletWebServerApplicationContext.<init>()V+1
j  org.springframework.boot.web.servlet.context.ServletWebServerApplicationContextFactory.createContext()Lorg/springframework/context/ConfigurableApplicationContext;+10
j  org.springframework.boot.web.servlet.context.ServletWebServerApplicationContextFactory.create(Lorg/springframework/boot/WebApplicationType;)Lorg/springframework/context/ConfigurableApplicationContext;+12
j  org.springframework.boot.DefaultApplicationContextFactory$$Lambda$196+0x00000001001c32e8.apply(Ljava/lang/Object;Ljava/lang/Object;)Ljava/lang/Object;+8
j  org.springframework.boot.DefaultApplicationContextFactory.getFromSpringFactories(Lorg/springframework/boot/WebApplicationType;Ljava/util/function/BiFunction;Ljava/util/function/Supplier;)Ljava/lang/Object;+45
j  org.springframework.boot.DefaultApplicationContextFactory.create(Lorg/springframework/boot/WebApplicationType;)Lorg/springframework/context/ConfigurableApplicationContext;+13
j  org.springframework.boot.SpringApplication.createApplicationContext()Lorg/springframework/context/ConfigurableApplicationContext;+8
j  org.springframework.boot.SpringApplication.run([Ljava/lang/String;)Lorg/springframework/context/ConfigurableApplicationContext;+76
j  org.springframework.boot.SpringApplication.run([Ljava/lang/Class;[Ljava/lang/String;)Lorg/springframework/context/ConfigurableApplicationContext;+9
j  org.springframework.boot.SpringApplication.run(Ljava/lang/Class;[Ljava/lang/String;)Lorg/springframework/context/ConfigurableApplicationContext;+9
j  com.sugessti.gamerec.GamerecApplication.main([Ljava/lang/String;)V+3
v  ~StubRoutines::call_stub
new  187 new  [0x000001b5b353b5c0, 0x000001b5b353b7e0]  544 bytes
[MachCode]
  0x000001b5b353b5c0: 4883 ec08 | c5fa 1104 | 24eb 1f48 | 83ec 10c5 | fb11 0424 | eb14 4883 | ec10 4889 | 0424 48c7 
  0x000001b5b353b5e0: 4424 0800 | 0000 00eb | 0150 410f | b755 010f | cac1 ea10 | 488b 4de8 | 488b 4908 | 488b 4908 
  0x000001b5b353b600: 488b 4108 | 807c 1004 | 070f 85d6 | 0000 0066 | 8b54 d148 | 488b 4928 | 488b 4cd1 | 0851 80b9 
  0x000001b5b353b620: 3301 0000 | 040f 85b9 | 0000 008b | 5108 f7c2 | 0100 0000 | 0f85 aa00 | 0000 498b | 8708 0100 
  0x000001b5b353b640: 0048 8d1c | 1049 3b9f | 1801 0000 | 0f87 9200 | 0000 4989 | 9f08 0100 | 00e9 0000 | 0000 4883 
  0x000001b5b353b660: ea10 0f84 | 0f00 0000 | 33c9 c1ea | 0348 894c | d008 48ff | ca75 f648 | c700 0100 | 0000 5933 
  0x000001b5b353b680: f689 700c | 48c1 e903 | 8948 0849 | ba5a 35b1 | 98fe 7f00 | 0041 803a | 000f 8440 | 0000 0050 
  0x000001b5b353b6a0: 488b c848 | 83ec 20f7 | c40f 0000 | 000f 841a | 0000 0048 | 83ec 0849 | ba80 3167 | 98fe 7f00 
  0x000001b5b353b6c0: 0041 ffd2 | 4883 c408 | e90d 0000 | 0049 ba80 | 3167 98fe | 7f00 0041 | ffd2 4883 | c420 58e9 
  0x000001b5b353b6e0: cd00 0000 | 5948 8b55 | e848 8b52 | 0848 8b52 | 0845 0fb7 | 4501 410f | c841 c1e8 | 10e8 0500 
  0x000001b5b353b700: 0000 e9aa | 0000 0048 | 8d44 2408 | 4c89 6dc0 | 498b cfc5 | f877 4989 | afa8 0200 | 0049 8987 
  0x000001b5b353b720: 9802 0000 | 4883 ec20 | f7c4 0f00 | 0000 0f84 | 1a00 0000 | 4883 ec08 | 49ba d024 | 3198 fe7f 
  0x000001b5b353b740: 0000 41ff | d248 83c4 | 08e9 0d00 | 0000 49ba | d024 3198 | fe7f 0000 | 41ff d248 | 83c4 2049 
  0x000001b5b353b760: c787 9802 | 0000 0000 | 0000 49c7 | 87a8 0200 | 0000 0000 | 0049 c787 | a002 0000 | 0000 0000 
  0x000001b5b353b780: c5f8 7749 | 817f 0800 | 0000 000f | 8405 0000 | 00e9 6a57 | feff 498b | 87f0 0200 | 0049 c787 
  0x000001b5b353b7a0: f002 0000 | 0000 0000 | 4c8b 6dc0 | 4c8b 75c8 | c341 0fb6 | 5d03 4983 | c503 49ba | d0a1 b398 
  0x000001b5b353b7c0: fe7f 0000 | 41ff 24da | 0000 0000 | 0000 0000 | 0000 0000 | 0000 0000 | 0000 0000 | 0000 0000 
[/MachCode]

---------------  P R O C E S S  ---------------

Threads class SMR info:
_java_thread_list=0x000001b5c7479490, length=14, elements={
0x000001b5a936d300, 0x000001b5c60012d0, 0x000001b5c60028f0, 0x000001b5c1fa6910,
0x000001b5c1f9b540, 0x000001b5c6032020, 0x000001b5c60328f0, 0x000001b5c60339d0,
0x000001b5c603a040, 0x000001b5c603f4c0, 0x000001b5c6196ad0, 0x000001b5c61abe40,
0x000001b5c61a7610, 0x000001b5c7046530
}

Java Threads: ( => current thread )
=>0x000001b5a936d300 JavaThread "main" [_thread_in_vm, id=14548, stack(0x0000006f9f300000,0x0000006f9f400000)]
  0x000001b5c60012d0 JavaThread "Reference Handler" daemon [_thread_blocked, id=17852, stack(0x0000006f9fa00000,0x0000006f9fb00000)]
  0x000001b5c60028f0 JavaThread "Finalizer" daemon [_thread_blocked, id=9808, stack(0x0000006f9fb00000,0x0000006f9fc00000)]
  0x000001b5c1fa6910 JavaThread "Signal Dispatcher" daemon [_thread_blocked, id=12812, stack(0x0000006f9fc00000,0x0000006f9fd00000)]
  0x000001b5c1f9b540 JavaThread "Attach Listener" daemon [_thread_blocked, id=4800, stack(0x0000006f9fd00000,0x0000006f9fe00000)]
  0x000001b5c6032020 JavaThread "Service Thread" daemon [_thread_blocked, id=4084, stack(0x0000006f9fe00000,0x0000006f9ff00000)]
  0x000001b5c60328f0 JavaThread "Monitor Deflation Thread" daemon [_thread_blocked, id=14648, stack(0x0000006f9ff00000,0x0000006fa0000000)]
  0x000001b5c60339d0 JavaThread "C2 CompilerThread0" daemon [_thread_blocked, id=11960, stack(0x0000006fa0000000,0x0000006fa0100000)]
  0x000001b5c603a040 JavaThread "C1 CompilerThread0" daemon [_thread_blocked, id=9132, stack(0x0000006fa0100000,0x0000006fa0200000)]
  0x000001b5c603f4c0 JavaThread "Sweeper thread" daemon [_thread_blocked, id=14172, stack(0x0000006fa0200000,0x0000006fa0300000)]
  0x000001b5c6196ad0 JavaThread "Notification Thread" daemon [_thread_blocked, id=9872, stack(0x0000006fa0300000,0x0000006fa0400000)]
  0x000001b5c61abe40 JavaThread "Common-Cleaner" daemon [_thread_blocked, id=4304, stack(0x0000006fa0500000,0x0000006fa0600000)]
  0x000001b5c61a7610 JavaThread "C2 CompilerThread1" daemon [_thread_blocked, id=7920, stack(0x0000006fa0600000,0x0000006fa0700000)]
  0x000001b5c7046530 JavaThread "background-preinit" [_thread_in_vm, id=8400, stack(0x0000006fa0a00000,0x0000006fa0b00000)]

Other Threads:
  0x000001b5c1f70200 VMThread "VM Thread" [stack: 0x0000006f9f900000,0x0000006f9fa00000] [id=19068]
  0x000001b5c619bfe0 WatcherThread [stack: 0x0000006fa0400000,0x0000006fa0500000] [id=12016]
  0x000001b5a93ce610 GCTaskThread "GC Thread#0" [stack: 0x0000006f9f400000,0x0000006f9f500000] [id=8520]
  0x000001b5c6ecf830 GCTaskThread "GC Thread#1" [stack: 0x0000006fa0700000,0x0000006fa0800000] [id=2364]
  0x000001b5c69ae1b0 GCTaskThread "GC Thread#2" [stack: 0x0000006fa0800000,0x0000006fa0900000] [id=15780]
  0x000001b5c6f8b110 GCTaskThread "GC Thread#3" [stack: 0x0000006fa0900000,0x0000006fa0a00000] [id=17616]
  0x000001b5a93df020 ConcurrentGCThread "G1 Main Marker" [stack: 0x0000006f9f500000,0x0000006f9f600000] [id=13856]
  0x000001b5a93e01e0 ConcurrentGCThread "G1 Conc#0" [stack: 0x0000006f9f600000,0x0000006f9f700000] [id=15012]
  0x000001b5a940dd30 ConcurrentGCThread "G1 Refine#0" [stack: 0x0000006f9f700000,0x0000006f9f800000] [id=17288]
  0x000001b5a940e760 ConcurrentGCThread "G1 Service" [stack: 0x0000006f9f800000,0x0000006f9f900000] [id=8688]

Threads with active compile tasks:

VM state: not at safepoint (normal execution)

VM Mutex/Monitor currently owned by a thread:  ([mutex/lock_event])
[0x000001b5a93666d0] Metaspace_lock - owner thread: 0x000001b5a936d300

Heap address: 0x0000000082a00000, size: 2006 MB, Compressed Oops mode: 32-bit

CDS archive(s) not mapped
Compressed class space mapped at: 0x0000000100000000-0x0000000140000000, reserved size: 1073741824
Narrow klass base: 0x0000000000000000, Narrow klass shift: 3, Narrow klass range: 0x140000000

GC Precious Log:
 CPUs: 4 total, 4 available
 Memory: 8017M
 Large Page Support: Disabled
 NUMA Support: Disabled
 Compressed Oops: Enabled (32-bit)
 Heap Region Size: 1M
 Heap Min Capacity: 8M
 Heap Initial Capacity: 126M
 Heap Max Capacity: 2006M
 Pre-touch: Disabled
 Parallel Workers: 4
 Concurrent Workers: 1
 Concurrent Refinement Workers: 4
 Periodic GC: Disabled

Heap:
 garbage-first heap   total 129024K, used 18160K [0x0000000082a00000, 0x0000000100000000)
  region size 1024K, 13 young (13312K), 1 survivors (1024K)
 Metaspace       used 16639K, committed 16832K, reserved 1114112K
  class space    used 1867K, committed 1984K, reserved 1048576K

Heap Regions: E=young(eden), S=young(survivor), O=old, HS=humongous(starts), HC=humongous(continues), CS=collection set, F=free, OA=open archive, CA=closed archive, TAMS=top-at-mark-start (previous, next)
|   0|0x0000000082a00000, 0x0000000082b00000, 0x0000000082b00000|100%|HS|  |TAMS 0x0000000082a00000, 0x0000000082a00000| Complete 
|   1|0x0000000082b00000, 0x0000000082c00000, 0x0000000082c00000|100%| O|  |TAMS 0x0000000082b00000, 0x0000000082b00000| Untracked 
|   2|0x0000000082c00000, 0x0000000082d00000, 0x0000000082d00000|100%| O|  |TAMS 0x0000000082c00000, 0x0000000082c00000| Untracked 
|   3|0x0000000082d00000, 0x0000000082e00000, 0x0000000082e00000|100%| O|  |TAMS 0x0000000082d00000, 0x0000000082d00000| Untracked 
|   4|0x0000000082e00000, 0x0000000082f00000, 0x0000000082f00000|100%| O|  |TAMS 0x0000000082e00000, 0x0000000082e00000| Untracked 
|   5|0x0000000082f00000, 0x0000000082fc7600, 0x0000000083000000| 77%| O|  |TAMS 0x0000000082f00000, 0x0000000082f00000| Untracked 
|   6|0x0000000083000000, 0x0000000083000000, 0x0000000083100000|  0%| F|  |TAMS 0x0000000083000000, 0x0000000083000000| Untracked 
|   7|0x0000000083100000, 0x0000000083100000, 0x0000000083200000|  0%| F|  |TAMS 0x0000000083100000, 0x0000000083100000| Untracked 
|   8|0x0000000083200000, 0x0000000083200000, 0x0000000083300000|  0%| F|  |TAMS 0x0000000083200000, 0x0000000083200000| Untracked 
|   9|0x0000000083300000, 0x0000000083300000, 0x0000000083400000|  0%| F|  |TAMS 0x0000000083300000, 0x0000000083300000| Untracked 
|  10|0x0000000083400000, 0x0000000083400000, 0x0000000083500000|  0%| F|  |TAMS 0x0000000083400000, 0x0000000083400000| Untracked 
|  11|0x0000000083500000, 0x0000000083500000, 0x0000000083600000|  0%| F|  |TAMS 0x0000000083500000, 0x0000000083500000| Untracked 
|  12|0x0000000083600000, 0x0000000083600000, 0x0000000083700000|  0%| F|  |TAMS 0x0000000083600000, 0x0000000083600000| Untracked 
|  13|0x0000000083700000, 0x0000000083700000, 0x0000000083800000|  0%| F|  |TAMS 0x0000000083700000, 0x0000000083700000| Untracked 
|  14|0x0000000083800000, 0x0000000083800000, 0x0000000083900000|  0%| F|  |TAMS 0x0000000083800000, 0x0000000083800000| Untracked 
|  15|0x0000000083900000, 0x0000000083900000, 0x0000000083a00000|  0%| F|  |TAMS 0x0000000083900000, 0x0000000083900000| Untracked 
|  16|0x0000000083a00000, 0x0000000083a00000, 0x0000000083b00000|  0%| F|  |TAMS 0x0000000083a00000, 0x0000000083a00000| Untracked 
|  17|0x0000000083b00000, 0x0000000083b00000, 0x0000000083c00000|  0%| F|  |TAMS 0x0000000083b00000, 0x0000000083b00000| Untracked 
|  18|0x0000000083c00000, 0x0000000083c00000, 0x0000000083d00000|  0%| F|  |TAMS 0x0000000083c00000, 0x0000000083c00000| Untracked 
|  19|0x0000000083d00000, 0x0000000083d00000, 0x0000000083e00000|  0%| F|  |TAMS 0x0000000083d00000, 0x0000000083d00000| Untracked 
|  20|0x0000000083e00000, 0x0000000083e00000, 0x0000000083f00000|  0%| F|  |TAMS 0x0000000083e00000, 0x0000000083e00000| Untracked 
|  21|0x0000000083f00000, 0x0000000083f00000, 0x0000000084000000|  0%| F|  |TAMS 0x0000000083f00000, 0x0000000083f00000| Untracked 
|  22|0x0000000084000000, 0x0000000084000000, 0x0000000084100000|  0%| F|  |TAMS 0x0000000084000000, 0x0000000084000000| Untracked 
|  23|0x0000000084100000, 0x0000000084100000, 0x0000000084200000|  0%| F|  |TAMS 0x0000000084100000, 0x0000000084100000| Untracked 
|  24|0x0000000084200000, 0x0000000084200000, 0x0000000084300000|  0%| F|  |TAMS 0x0000000084200000, 0x0000000084200000| Untracked 
|  25|0x0000000084300000, 0x0000000084300000, 0x0000000084400000|  0%| F|  |TAMS 0x0000000084300000, 0x0000000084300000| Untracked 
|  26|0x0000000084400000, 0x0000000084400000, 0x0000000084500000|  0%| F|  |TAMS 0x0000000084400000, 0x0000000084400000| Untracked 
|  27|0x0000000084500000, 0x0000000084500000, 0x0000000084600000|  0%| F|  |TAMS 0x0000000084500000, 0x0000000084500000| Untracked 
|  28|0x0000000084600000, 0x0000000084600000, 0x0000000084700000|  0%| F|  |TAMS 0x0000000084600000, 0x0000000084600000| Untracked 
|  29|0x0000000084700000, 0x0000000084700000, 0x0000000084800000|  0%| F|  |TAMS 0x0000000084700000, 0x0000000084700000| Untracked 
|  30|0x0000000084800000, 0x0000000084800000, 0x0000000084900000|  0%| F|  |TAMS 0x0000000084800000, 0x0000000084800000| Untracked 
|  31|0x0000000084900000, 0x0000000084900000, 0x0000000084a00000|  0%| F|  |TAMS 0x0000000084900000, 0x0000000084900000| Untracked 
|  32|0x0000000084a00000, 0x0000000084a00000, 0x0000000084b00000|  0%| F|  |TAMS 0x0000000084a00000, 0x0000000084a00000| Untracked 
|  33|0x0000000084b00000, 0x0000000084b00000, 0x0000000084c00000|  0%| F|  |TAMS 0x0000000084b00000, 0x0000000084b00000| Untracked 
|  34|0x0000000084c00000, 0x0000000084c00000, 0x0000000084d00000|  0%| F|  |TAMS 0x0000000084c00000, 0x0000000084c00000| Untracked 
|  35|0x0000000084d00000, 0x0000000084d00000, 0x0000000084e00000|  0%| F|  |TAMS 0x0000000084d00000, 0x0000000084d00000| Untracked 
|  36|0x0000000084e00000, 0x0000000084e00000, 0x0000000084f00000|  0%| F|  |TAMS 0x0000000084e00000, 0x0000000084e00000| Untracked 
|  37|0x0000000084f00000, 0x0000000084f00000, 0x0000000085000000|  0%| F|  |TAMS 0x0000000084f00000, 0x0000000084f00000| Untracked 
|  38|0x0000000085000000, 0x0000000085000000, 0x0000000085100000|  0%| F|  |TAMS 0x0000000085000000, 0x0000000085000000| Untracked 
|  39|0x0000000085100000, 0x0000000085100000, 0x0000000085200000|  0%| F|  |TAMS 0x0000000085100000, 0x0000000085100000| Untracked 
|  40|0x0000000085200000, 0x0000000085200000, 0x0000000085300000|  0%| F|  |TAMS 0x0000000085200000, 0x0000000085200000| Untracked 
|  41|0x0000000085300000, 0x0000000085300000, 0x0000000085400000|  0%| F|  |TAMS 0x0000000085300000, 0x0000000085300000| Untracked 
|  42|0x0000000085400000, 0x0000000085400000, 0x0000000085500000|  0%| F|  |TAMS 0x0000000085400000, 0x0000000085400000| Untracked 
|  43|0x0000000085500000, 0x0000000085500000, 0x0000000085600000|  0%| F|  |TAMS 0x0000000085500000, 0x0000000085500000| Untracked 
|  44|0x0000000085600000, 0x0000000085600000, 0x0000000085700000|  0%| F|  |TAMS 0x0000000085600000, 0x0000000085600000| Untracked 
|  45|0x0000000085700000, 0x0000000085700000, 0x0000000085800000|  0%| F|  |TAMS 0x0000000085700000, 0x0000000085700000| Untracked 
|  46|0x0000000085800000, 0x0000000085800000, 0x0000000085900000|  0%| F|  |TAMS 0x0000000085800000, 0x0000000085800000| Untracked 
|  47|0x0000000085900000, 0x0000000085900000, 0x0000000085a00000|  0%| F|  |TAMS 0x0000000085900000, 0x0000000085900000| Untracked 
|  48|0x0000000085a00000, 0x0000000085a00000, 0x0000000085b00000|  0%| F|  |TAMS 0x0000000085a00000, 0x0000000085a00000| Untracked 
|  49|0x0000000085b00000, 0x0000000085b00000, 0x0000000085c00000|  0%| F|  |TAMS 0x0000000085b00000, 0x0000000085b00000| Untracked 
|  50|0x0000000085c00000, 0x0000000085c00000, 0x0000000085d00000|  0%| F|  |TAMS 0x0000000085c00000, 0x0000000085c00000| Untracked 
|  51|0x0000000085d00000, 0x0000000085d00000, 0x0000000085e00000|  0%| F|  |TAMS 0x0000000085d00000, 0x0000000085d00000| Untracked 
|  52|0x0000000085e00000, 0x0000000085e00000, 0x0000000085f00000|  0%| F|  |TAMS 0x0000000085e00000, 0x0000000085e00000| Untracked 
|  53|0x0000000085f00000, 0x0000000085f00000, 0x0000000086000000|  0%| F|  |TAMS 0x0000000085f00000, 0x0000000085f00000| Untracked 
|  54|0x0000000086000000, 0x0000000086000000, 0x0000000086100000|  0%| F|  |TAMS 0x0000000086000000, 0x0000000086000000| Untracked 
|  55|0x0000000086100000, 0x0000000086100000, 0x0000000086200000|  0%| F|  |TAMS 0x0000000086100000, 0x0000000086100000| Untracked 
|  56|0x0000000086200000, 0x0000000086200000, 0x0000000086300000|  0%| F|  |TAMS 0x0000000086200000, 0x0000000086200000| Untracked 
|  57|0x0000000086300000, 0x0000000086300000, 0x0000000086400000|  0%| F|  |TAMS 0x0000000086300000, 0x0000000086300000| Untracked 
|  58|0x0000000086400000, 0x0000000086400000, 0x0000000086500000|  0%| F|  |TAMS 0x0000000086400000, 0x0000000086400000| Untracked 
|  59|0x0000000086500000, 0x0000000086500000, 0x0000000086600000|  0%| F|  |TAMS 0x0000000086500000, 0x0000000086500000| Untracked 
|  60|0x0000000086600000, 0x0000000086600000, 0x0000000086700000|  0%| F|  |TAMS 0x0000000086600000, 0x0000000086600000| Untracked 
|  61|0x0000000086700000, 0x0000000086700000, 0x0000000086800000|  0%| F|  |TAMS 0x0000000086700000, 0x0000000086700000| Untracked 
|  62|0x0000000086800000, 0x0000000086800000, 0x0000000086900000|  0%| F|  |TAMS 0x0000000086800000, 0x0000000086800000| Untracked 
|  63|0x0000000086900000, 0x0000000086900000, 0x0000000086a00000|  0%| F|  |TAMS 0x0000000086900000, 0x0000000086900000| Untracked 
|  64|0x0000000086a00000, 0x0000000086a00000, 0x0000000086b00000|  0%| F|  |TAMS 0x0000000086a00000, 0x0000000086a00000| Untracked 
|  65|0x0000000086b00000, 0x0000000086b00000, 0x0000000086c00000|  0%| F|  |TAMS 0x0000000086b00000, 0x0000000086b00000| Untracked 
|  66|0x0000000086c00000, 0x0000000086c00000, 0x0000000086d00000|  0%| F|  |TAMS 0x0000000086c00000, 0x0000000086c00000| Untracked 
|  67|0x0000000086d00000, 0x0000000086d00000, 0x0000000086e00000|  0%| F|  |TAMS 0x0000000086d00000, 0x0000000086d00000| Untracked 
|  68|0x0000000086e00000, 0x0000000086e00000, 0x0000000086f00000|  0%| F|  |TAMS 0x0000000086e00000, 0x0000000086e00000| Untracked 
|  69|0x0000000086f00000, 0x0000000086f00000, 0x0000000087000000|  0%| F|  |TAMS 0x0000000086f00000, 0x0000000086f00000| Untracked 
|  70|0x0000000087000000, 0x0000000087000000, 0x0000000087100000|  0%| F|  |TAMS 0x0000000087000000, 0x0000000087000000| Untracked 
|  71|0x0000000087100000, 0x0000000087100000, 0x0000000087200000|  0%| F|  |TAMS 0x0000000087100000, 0x0000000087100000| Untracked 
|  72|0x0000000087200000, 0x0000000087200000, 0x0000000087300000|  0%| F|  |TAMS 0x0000000087200000, 0x0000000087200000| Untracked 
|  73|0x0000000087300000, 0x0000000087300000, 0x0000000087400000|  0%| F|  |TAMS 0x0000000087300000, 0x0000000087300000| Untracked 
|  74|0x0000000087400000, 0x0000000087400000, 0x0000000087500000|  0%| F|  |TAMS 0x0000000087400000, 0x0000000087400000| Untracked 
|  75|0x0000000087500000, 0x0000000087500000, 0x0000000087600000|  0%| F|  |TAMS 0x0000000087500000, 0x0000000087500000| Untracked 
|  76|0x0000000087600000, 0x0000000087600000, 0x0000000087700000|  0%| F|  |TAMS 0x0000000087600000, 0x0000000087600000| Untracked 
|  77|0x0000000087700000, 0x0000000087700000, 0x0000000087800000|  0%| F|  |TAMS 0x0000000087700000, 0x0000000087700000| Untracked 
|  78|0x0000000087800000, 0x0000000087800000, 0x0000000087900000|  0%| F|  |TAMS 0x0000000087800000, 0x0000000087800000| Untracked 
|  79|0x0000000087900000, 0x0000000087900000, 0x0000000087a00000|  0%| F|  |TAMS 0x0000000087900000, 0x0000000087900000| Untracked 
|  80|0x0000000087a00000, 0x0000000087a00000, 0x0000000087b00000|  0%| F|  |TAMS 0x0000000087a00000, 0x0000000087a00000| Untracked 
|  81|0x0000000087b00000, 0x0000000087b00000, 0x0000000087c00000|  0%| F|  |TAMS 0x0000000087b00000, 0x0000000087b00000| Untracked 
|  82|0x0000000087c00000, 0x0000000087c00000, 0x0000000087d00000|  0%| F|  |TAMS 0x0000000087c00000, 0x0000000087c00000| Untracked 
|  83|0x0000000087d00000, 0x0000000087d00000, 0x0000000087e00000|  0%| F|  |TAMS 0x0000000087d00000, 0x0000000087d00000| Untracked 
|  84|0x0000000087e00000, 0x0000000087e00000, 0x0000000087f00000|  0%| F|  |TAMS 0x0000000087e00000, 0x0000000087e00000| Untracked 
|  85|0x0000000087f00000, 0x0000000087f00000, 0x0000000088000000|  0%| F|  |TAMS 0x0000000087f00000, 0x0000000087f00000| Untracked 
|  86|0x0000000088000000, 0x0000000088000000, 0x0000000088100000|  0%| F|  |TAMS 0x0000000088000000, 0x0000000088000000| Untracked 
|  87|0x0000000088100000, 0x0000000088100000, 0x0000000088200000|  0%| F|  |TAMS 0x0000000088100000, 0x0000000088100000| Untracked 
|  88|0x0000000088200000, 0x0000000088200000, 0x0000000088300000|  0%| F|  |TAMS 0x0000000088200000, 0x0000000088200000| Untracked 
|  89|0x0000000088300000, 0x0000000088300000, 0x0000000088400000|  0%| F|  |TAMS 0x0000000088300000, 0x0000000088300000| Untracked 
|  90|0x0000000088400000, 0x0000000088400000, 0x0000000088500000|  0%| F|  |TAMS 0x0000000088400000, 0x0000000088400000| Untracked 
|  91|0x0000000088500000, 0x0000000088500000, 0x0000000088600000|  0%| F|  |TAMS 0x0000000088500000, 0x0000000088500000| Untracked 
|  92|0x0000000088600000, 0x0000000088600000, 0x0000000088700000|  0%| F|  |TAMS 0x0000000088600000, 0x0000000088600000| Untracked 
|  93|0x0000000088700000, 0x0000000088700000, 0x0000000088800000|  0%| F|  |TAMS 0x0000000088700000, 0x0000000088700000| Untracked 
|  94|0x0000000088800000, 0x0000000088800000, 0x0000000088900000|  0%| F|  |TAMS 0x0000000088800000, 0x0000000088800000| Untracked 
|  95|0x0000000088900000, 0x0000000088900000, 0x0000000088a00000|  0%| F|  |TAMS 0x0000000088900000, 0x0000000088900000| Untracked 
|  96|0x0000000088a00000, 0x0000000088a00000, 0x0000000088b00000|  0%| F|  |TAMS 0x0000000088a00000, 0x0000000088a00000| Untracked 
|  97|0x0000000088b00000, 0x0000000088b00000, 0x0000000088c00000|  0%| F|  |TAMS 0x0000000088b00000, 0x0000000088b00000| Untracked 
|  98|0x0000000088c00000, 0x0000000088c00000, 0x0000000088d00000|  0%| F|  |TAMS 0x0000000088c00000, 0x0000000088c00000| Untracked 
|  99|0x0000000088d00000, 0x0000000088d00000, 0x0000000088e00000|  0%| F|  |TAMS 0x0000000088d00000, 0x0000000088d00000| Untracked 
| 100|0x0000000088e00000, 0x0000000088e00000, 0x0000000088f00000|  0%| F|  |TAMS 0x0000000088e00000, 0x0000000088e00000| Untracked 
| 101|0x0000000088f00000, 0x0000000088f00000, 0x0000000089000000|  0%| F|  |TAMS 0x0000000088f00000, 0x0000000088f00000| Untracked 
| 102|0x0000000089000000, 0x0000000089000000, 0x0000000089100000|  0%| F|  |TAMS 0x0000000089000000, 0x0000000089000000| Untracked 
| 103|0x0000000089100000, 0x0000000089100000, 0x0000000089200000|  0%| F|  |TAMS 0x0000000089100000, 0x0000000089100000| Untracked 
| 104|0x0000000089200000, 0x0000000089200000, 0x0000000089300000|  0%| F|  |TAMS 0x0000000089200000, 0x0000000089200000| Untracked 
| 105|0x0000000089300000, 0x0000000089300000, 0x0000000089400000|  0%| F|  |TAMS 0x0000000089300000, 0x0000000089300000| Untracked 
| 106|0x0000000089400000, 0x0000000089400000, 0x0000000089500000|  0%| F|  |TAMS 0x0000000089400000, 0x0000000089400000| Untracked 
| 107|0x0000000089500000, 0x0000000089500000, 0x0000000089600000|  0%| F|  |TAMS 0x0000000089500000, 0x0000000089500000| Untracked 
| 108|0x0000000089600000, 0x0000000089600000, 0x0000000089700000|  0%| F|  |TAMS 0x0000000089600000, 0x0000000089600000| Untracked 
| 109|0x0000000089700000, 0x0000000089700000, 0x0000000089800000|  0%| F|  |TAMS 0x0000000089700000, 0x0000000089700000| Untracked 
| 110|0x0000000089800000, 0x0000000089800000, 0x0000000089900000|  0%| F|  |TAMS 0x0000000089800000, 0x0000000089800000| Untracked 
| 111|0x0000000089900000, 0x0000000089900000, 0x0000000089a00000|  0%| F|  |TAMS 0x0000000089900000, 0x0000000089900000| Untracked 
| 112|0x0000000089a00000, 0x0000000089a00000, 0x0000000089b00000|  0%| F|  |TAMS 0x0000000089a00000, 0x0000000089a00000| Untracked 
| 113|0x0000000089b00000, 0x0000000089b3b650, 0x0000000089c00000| 23%| E|  |TAMS 0x0000000089b00000, 0x0000000089b00000| Complete 
| 114|0x0000000089c00000, 0x0000000089cf4b90, 0x0000000089d00000| 95%| S|CS|TAMS 0x0000000089c00000, 0x0000000089c00000| Complete 
| 115|0x0000000089d00000, 0x0000000089e00000, 0x0000000089e00000|100%| E|CS|TAMS 0x0000000089d00000, 0x0000000089d00000| Complete 
| 116|0x0000000089e00000, 0x0000000089f00000, 0x0000000089f00000|100%| E|CS|TAMS 0x0000000089e00000, 0x0000000089e00000| Complete 
| 117|0x0000000089f00000, 0x000000008a000000, 0x000000008a000000|100%| E|CS|TAMS 0x0000000089f00000, 0x0000000089f00000| Complete 
| 118|0x000000008a000000, 0x000000008a100000, 0x000000008a100000|100%| E|CS|TAMS 0x000000008a000000, 0x000000008a000000| Complete 
| 119|0x000000008a100000, 0x000000008a200000, 0x000000008a200000|100%| E|CS|TAMS 0x000000008a100000, 0x000000008a100000| Complete 
| 120|0x000000008a200000, 0x000000008a300000, 0x000000008a300000|100%| E|CS|TAMS 0x000000008a200000, 0x000000008a200000| Complete 
| 121|0x000000008a300000, 0x000000008a400000, 0x000000008a400000|100%| E|CS|TAMS 0x000000008a300000, 0x000000008a300000| Complete 
| 122|0x000000008a400000, 0x000000008a500000, 0x000000008a500000|100%| E|CS|TAMS 0x000000008a400000, 0x000000008a400000| Complete 
| 123|0x000000008a500000, 0x000000008a600000, 0x000000008a600000|100%| E|CS|TAMS 0x000000008a500000, 0x000000008a500000| Complete 
| 124|0x000000008a600000, 0x000000008a700000, 0x000000008a700000|100%| E|CS|TAMS 0x000000008a600000, 0x000000008a600000| Complete 
| 125|0x000000008a700000, 0x000000008a800000, 0x000000008a800000|100%| E|CS|TAMS 0x000000008a700000, 0x000000008a700000| Complete 

Card table byte_map: [0x000001b5bb3e0000,0x000001b5bb7d0000] _byte_map_base: 0x000001b5bafcb000

Marking Bits (Prev, Next): (CMBitMap*) 0x000001b5a93cec30, (CMBitMap*) 0x000001b5a93cec70
 Prev Bits: [0x000001b5bbbc0000, 0x000001b5bdb18000)
 Next Bits: [0x000001b5bdb20000, 0x000001b5bfa78000)

Polling page: 0x000001b5a8b10000

Metaspace:

Usage:
  Non-class:     14.43 MB used.
      Class:      1.82 MB used.
       Both:     16.25 MB used.

Virtual space:
  Non-class space:       64.00 MB reserved,      14.50 MB ( 23%) committed,  1 nodes.
      Class space:        1.00 GB reserved,       1.94 MB ( <1%) committed,  1 nodes.
             Both:        1.06 GB reserved,      16.44 MB (  2%) committed. 

Chunk freelists:
   Non-Class:  1.17 MB
       Class:  14.08 MB
        Both:  15.25 MB

MaxMetaspaceSize: unlimited
CompressedClassSpaceSize: 1.00 GB
Initial GC threshold: 21.00 MB
Current GC threshold: 21.00 MB
CDS: off
MetaspaceReclaimPolicy: balanced
 - commit_granule_bytes: 65536.
 - commit_granule_words: 8192.
 - virtual_space_node_default_size: 8388608.
 - enlarge_chunks_in_place: 1.
 - new_chunks_are_fully_committed: 0.
 - uncommit_free_chunks: 1.
 - use_allocation_guard: 0.
 - handle_deallocations: 1.


Internal statistics:

num_allocs_failed_limit: 0.
num_arena_births: 180.
num_arena_deaths: 0.
num_vsnodes_births: 2.
num_vsnodes_deaths: 0.
num_space_committed: 263.
num_space_uncommitted: 0.
num_chunks_returned_to_freelist: 0.
num_chunks_taken_from_freelist: 517.
num_chunk_merges: 0.
num_chunk_splits: 317.
num_chunks_enlarged: 233.
num_inconsistent_stats: 0.

CodeHeap 'non-profiled nmethods': size=120000Kb used=557Kb max_used=557Kb free=119442Kb
 bounds [0x000001b5b3ac0000, 0x000001b5b3d30000, 0x000001b5baff0000]
CodeHeap 'profiled nmethods': size=120000Kb used=2859Kb max_used=2859Kb free=117140Kb
 bounds [0x000001b5abff0000, 0x000001b5ac2c0000, 0x000001b5b3520000]
CodeHeap 'non-nmethods': size=5760Kb used=1159Kb max_used=1196Kb free=4600Kb
 bounds [0x000001b5b3520000, 0x000001b5b3790000, 0x000001b5b3ac0000]
 total_blobs=2005 nmethods=1559 adapters=358
 compilation: enabled
              stopped_count=0, restarted_count=0
 full_count=0

Compilation events (20 events):
Event: 1.341 Thread 0x000001b5c603a040 1549       3       java.net.URI::toLower (19 bytes)
Event: 1.341 Thread 0x000001b5c603a040 nmethod 1549 0x000001b5ac2aaa90 code [0x000001b5ac2aac20, 0x000001b5ac2aadb8]
Event: 1.343 Thread 0x000001b5c603a040 1550       3       java.util.stream.AbstractPipeline::evaluate (94 bytes)
Event: 1.343 Thread 0x000001b5c603a040 nmethod 1550 0x000001b5ac2aae90 code [0x000001b5ac2ab0c0, 0x000001b5ac2ab748]
Event: 1.345 Thread 0x000001b5c603a040 1552       3       java.lang.invoke.MethodHandleNatives::linkCallSite (66 bytes)
Event: 1.345 Thread 0x000001b5c603a040 nmethod 1552 0x000001b5ac2ab990 code [0x000001b5ac2abb60, 0x000001b5ac2ac068]
Event: 1.345 Thread 0x000001b5c603a040 1553   !   3       java.lang.invoke.CallSite::makeSite (91 bytes)
Event: 1.346 Thread 0x000001b5c60339d0 1556       4       java.lang.StringConcatHelper::prepend (37 bytes)
Event: 1.347 Thread 0x000001b5c603a040 nmethod 1553 0x000001b5ac2ac210 code [0x000001b5ac2ac540, 0x000001b5ac2ad5d8]
Event: 1.347 Thread 0x000001b5c603a040 1554   !   3       java.lang.invoke.BootstrapMethodInvoker::invoke (974 bytes)
Event: 1.347 Thread 0x000001b5c60339d0 nmethod 1556 0x000001b5b3b4b290 code [0x000001b5b3b4b420, 0x000001b5b3b4b5b8]
Event: 1.354 Thread 0x000001b5c603a040 nmethod 1554 0x000001b5ac2ae190 code [0x000001b5ac2aea20, 0x000001b5ac2b5fb8]
Event: 1.354 Thread 0x000001b5c603a040 1557       3       java.lang.invoke.ConstantCallSite::<init> (17 bytes)
Event: 1.354 Thread 0x000001b5c603a040 nmethod 1557 0x000001b5ac2b9410 code [0x000001b5ac2b9600, 0x000001b5ac2b9b68]
Event: 1.354 Thread 0x000001b5c603a040 1555       3       java.lang.invoke.MethodHandleNatives::staticArgumentsPulled (5 bytes)
Event: 1.355 Thread 0x000001b5c603a040 nmethod 1555 0x000001b5ac2b9d90 code [0x000001b5ac2b9f20, 0x000001b5ac2ba0f8]
Event: 1.355 Thread 0x000001b5c603a040 1558       3       java.nio.file.attribute.FileTime::from (18 bytes)
Event: 1.355 Thread 0x000001b5c603a040 nmethod 1558 0x000001b5ac2ba190 code [0x000001b5ac2ba360, 0x000001b5ac2ba728]
Event: 1.355 Thread 0x000001b5c603a040 1559       3       java.nio.file.attribute.FileTime::<init> (21 bytes)
Event: 1.355 Thread 0x000001b5c603a040 nmethod 1559 0x000001b5ac2ba890 code [0x000001b5ac2baa40, 0x000001b5ac2bac78]

GC Heap History (4 events):
Event: 0.640 GC heap before
{Heap before GC invocations=0 (full 0):
 garbage-first heap   total 129024K, used 13312K [0x0000000082a00000, 0x0000000100000000)
  region size 1024K, 13 young (13312K), 0 survivors (0K)
 Metaspace       used 9761K, committed 9920K, reserved 1114112K
  class space    used 1004K, committed 1088K, reserved 1048576K
}
Event: 0.645 GC heap after
{Heap after GC invocations=1 (full 0):
 garbage-first heap   total 129024K, used 5872K [0x0000000082a00000, 0x0000000100000000)
  region size 1024K, 2 young (2048K), 2 survivors (2048K)
 Metaspace       used 9761K, committed 9920K, reserved 1114112K
  class space    used 1004K, committed 1088K, reserved 1048576K
}
Event: 1.062 GC heap before
{Heap before GC invocations=1 (full 0):
 garbage-first heap   total 129024K, used 16112K [0x0000000082a00000, 0x0000000100000000)
  region size 1024K, 13 young (13312K), 2 survivors (2048K)
 Metaspace       used 13515K, committed 13696K, reserved 1114112K
  class space    used 1507K, committed 1600K, reserved 1048576K
}
Event: 1.066 GC heap after
{Heap after GC invocations=2 (full 0):
 garbage-first heap   total 129024K, used 6896K [0x0000000082a00000, 0x0000000100000000)
  region size 1024K, 1 young (1024K), 1 survivors (1024K)
 Metaspace       used 13515K, committed 13696K, reserved 1114112K
  class space    used 1507K, committed 1600K, reserved 1048576K
}

Dll operation events (5 events):
Event: 0.006 Loaded shared library C:\Users\15407\.vscode\extensions\redhat.java-1.32.0-win32-x64\jre\17.0.11-win32-x86_64\bin\java.dll
Event: 0.160 Loaded shared library C:\Users\15407\.vscode\extensions\redhat.java-1.32.0-win32-x64\jre\17.0.11-win32-x86_64\bin\net.dll
Event: 0.162 Loaded shared library C:\Users\15407\.vscode\extensions\redhat.java-1.32.0-win32-x64\jre\17.0.11-win32-x86_64\bin\nio.dll
Event: 0.170 Loaded shared library C:\Users\15407\.vscode\extensions\redhat.java-1.32.0-win32-x64\jre\17.0.11-win32-x86_64\bin\zip.dll
Event: 0.326 Loaded shared library C:\Users\15407\.vscode\extensions\redhat.java-1.32.0-win32-x64\jre\17.0.11-win32-x86_64\bin\jimage.dll

Deoptimization events (20 events):
Event: 0.972 Thread 0x000001b5a936d300 Uncommon trap: trap_request=0xffffffde fr.pc=0x000001b5b3b248c4 relative=0x0000000000000124
Event: 0.972 Thread 0x000001b5a936d300 Uncommon trap: reason=class_check action=maybe_recompile pc=0x000001b5b3b248c4 method=jdk.internal.misc.Unsafe.allocateUninitializedArray(Ljava/lang/Class;I)Ljava/lang/Object; @ 51 c2
Event: 0.972 Thread 0x000001b5a936d300 DEOPT PACKING pc=0x000001b5b3b248c4 sp=0x0000006f9f3fa0b0
Event: 0.972 Thread 0x000001b5a936d300 DEOPT UNPACKING pc=0x000001b5b35769a3 sp=0x0000006f9f3fa038 mode 2
Event: 0.972 Thread 0x000001b5a936d300 Uncommon trap: trap_request=0xffffffde fr.pc=0x000001b5b3b248c4 relative=0x0000000000000124
Event: 0.972 Thread 0x000001b5a936d300 Uncommon trap: reason=class_check action=maybe_recompile pc=0x000001b5b3b248c4 method=jdk.internal.misc.Unsafe.allocateUninitializedArray(Ljava/lang/Class;I)Ljava/lang/Object; @ 51 c2
Event: 0.972 Thread 0x000001b5a936d300 DEOPT PACKING pc=0x000001b5b3b248c4 sp=0x0000006f9f3f9e00
Event: 0.972 Thread 0x000001b5a936d300 DEOPT UNPACKING pc=0x000001b5b35769a3 sp=0x0000006f9f3f9d88 mode 2
Event: 1.127 Thread 0x000001b5a936d300 Uncommon trap: trap_request=0xffffffc6 fr.pc=0x000001b5b3b1f074 relative=0x0000000000000314
Event: 1.127 Thread 0x000001b5a936d300 Uncommon trap: reason=bimorphic_or_optimized_type_check action=maybe_recompile pc=0x000001b5b3b1f074 method=java.util.HashMap.getNode(Ljava/lang/Object;)Ljava/util/HashMap$Node; @ 63 c2
Event: 1.127 Thread 0x000001b5a936d300 DEOPT PACKING pc=0x000001b5b3b1f074 sp=0x0000006f9f3fe5f0
Event: 1.127 Thread 0x000001b5a936d300 DEOPT UNPACKING pc=0x000001b5b35769a3 sp=0x0000006f9f3fe558 mode 2
Event: 1.127 Thread 0x000001b5a936d300 Uncommon trap: trap_request=0xffffffc6 fr.pc=0x000001b5b3b1f074 relative=0x0000000000000314
Event: 1.127 Thread 0x000001b5a936d300 Uncommon trap: reason=bimorphic_or_optimized_type_check action=maybe_recompile pc=0x000001b5b3b1f074 method=java.util.HashMap.getNode(Ljava/lang/Object;)Ljava/util/HashMap$Node; @ 63 c2
Event: 1.127 Thread 0x000001b5a936d300 DEOPT PACKING pc=0x000001b5b3b1f074 sp=0x0000006f9f3fe5f0
Event: 1.127 Thread 0x000001b5a936d300 DEOPT UNPACKING pc=0x000001b5b35769a3 sp=0x0000006f9f3fe558 mode 2
Event: 1.135 Thread 0x000001b5a936d300 Uncommon trap: trap_request=0xffffffc6 fr.pc=0x000001b5b3b1f074 relative=0x0000000000000314
Event: 1.135 Thread 0x000001b5a936d300 Uncommon trap: reason=bimorphic_or_optimized_type_check action=maybe_recompile pc=0x000001b5b3b1f074 method=java.util.HashMap.getNode(Ljava/lang/Object;)Ljava/util/HashMap$Node; @ 63 c2
Event: 1.136 Thread 0x000001b5a936d300 DEOPT PACKING pc=0x000001b5b3b1f074 sp=0x0000006f9f3fe5f0
Event: 1.136 Thread 0x000001b5a936d300 DEOPT UNPACKING pc=0x000001b5b35769a3 sp=0x0000006f9f3fe558 mode 2

Classes unloaded (0 events):
No events

Classes redefined (0 events):
No events

Internal exceptions (20 events):
Event: 0.964 Thread 0x000001b5a936d300 Exception <a 'java/lang/NoSuchMethodError'{0x0000000089fd2300}: 'java.lang.Object java.lang.invoke.DirectMethodHandle$Holder.newInvokeSpecial(java.lang.Object, java.lang.Object, java.lang.Object, java.lang.Object, java.lang.Object, java.lang.Object, int)'> (0x0000000089fd2300) 
thrown [s\src\hotspot\share\interpreter\linkResolver.cpp, line 759]
Event: 0.965 Thread 0x000001b5a936d300 Exception <a 'java/lang/NoSuchMethodError'{0x0000000089fd7340}: 'java.lang.Object java.lang.invoke.DirectMethodHandle$Holder.invokeSpecial(java.lang.Object, java.lang.Object, java.lang.Object, java.lang.Object, java.lang.Object, java.lang.Object, java.lang.Object, int)'> (0x0000000089fd7340) 
thrown [s\src\hotspot\share\interpreter\linkResolver.cpp, line 759]
Event: 1.022 Thread 0x000001b5a936d300 Exception <a 'java/lang/NoSuchMethodError'{0x0000000089d0d300}: 'int java.lang.invoke.DirectMethodHandle$Holder.invokeInterface(java.lang.Object, java.lang.Object)'> (0x0000000089d0d300) 
thrown [s\src\hotspot\share\interpreter\linkResolver.cpp, line 759]
Event: 1.043 Thread 0x000001b5a936d300 Exception <a 'java/lang/NoSuchMethodError'{0x0000000089d7d070}: 'int java.lang.invoke.DirectMethodHandle$Holder.invokeVirtual(java.lang.Object, java.lang.Object)'> (0x0000000089d7d070) 
thrown [s\src\hotspot\share\interpreter\linkResolver.cpp, line 759]
Event: 1.071 Thread 0x000001b5a936d300 Exception <a 'java/lang/NoSuchMethodError'{0x000000008a719ec0}: 'java.lang.Object java.lang.invoke.DirectMethodHandle$Holder.invokeSpecial(java.lang.Object, java.lang.Object, java.lang.Object, int, java.lang.Object)'> (0x000000008a719ec0) 
thrown [s\src\hotspot\share\interpreter\linkResolver.cpp, line 759]
Event: 1.071 Thread 0x000001b5a936d300 Exception <a 'java/lang/NoSuchMethodError'{0x000000008a722520}: 'java.lang.Object java.lang.invoke.DirectMethodHandle$Holder.newInvokeSpecial(java.lang.Object, java.lang.Object, java.lang.Object, int, java.lang.Object)'> (0x000000008a722520) 
thrown [s\src\hotspot\share\interpreter\linkResolver.cpp, line 759]
Event: 1.074 Thread 0x000001b5a936d300 Exception <a 'java/lang/NoSuchMethodError'{0x000000008a7387c0}: 'java.lang.Object java.lang.invoke.DirectMethodHandle$Holder.newInvokeSpecial(java.lang.Object, int, java.lang.Object)'> (0x000000008a7387c0) 
thrown [s\src\hotspot\share\interpreter\linkResolver.cpp, line 759]
Event: 1.074 Thread 0x000001b5a936d300 Exception <a 'java/lang/NoSuchMethodError'{0x000000008a73d5a8}: 'int java.lang.invoke.DirectMethodHandle$Holder.invokeSpecialIFC(java.lang.Object, java.lang.Object, java.lang.Object, java.lang.Object)'> (0x000000008a73d5a8) 
thrown [s\src\hotspot\share\interpreter\linkResolver.cpp, line 759]
Event: 1.111 Thread 0x000001b5a936d300 Exception <a 'java/lang/NoSuchMethodError'{0x000000008a64ea50}: 'void java.lang.invoke.DirectMethodHandle$Holder.invokeInterface(java.lang.Object, java.lang.Object, java.lang.Object)'> (0x000000008a64ea50) 
thrown [s\src\hotspot\share\interpreter\linkResolver.cpp, line 759]
Event: 1.145 Thread 0x000001b5a936d300 Exception <a 'java/lang/NoSuchMethodError'{0x000000008a6d65f8}: 'void java.lang.invoke.DirectMethodHandle$Holder.invokeStaticInit(java.lang.Object, java.lang.Object, java.lang.Object)'> (0x000000008a6d65f8) 
thrown [s\src\hotspot\share\interpreter\linkResolver.cpp, line 759]
Event: 1.156 Thread 0x000001b5a936d300 Exception <a 'java/lang/NoSuchMethodError'{0x000000008a51f8f8}: 'java.lang.Object java.lang.invoke.DirectMethodHandle$Holder.invokeVirtual(java.lang.Object, java.lang.Object, java.lang.Object)'> (0x000000008a51f8f8) 
thrown [s\src\hotspot\share\interpreter\linkResolver.cpp, line 759]
Event: 1.163 Thread 0x000001b5a936d300 Exception <a 'java/lang/NoSuchMethodError'{0x000000008a540f80}: 'java.lang.Object java.lang.invoke.DirectMethodHandle$Holder.invokeStatic(java.lang.Object, java.lang.Object, long, java.lang.Object)'> (0x000000008a540f80) 
thrown [s\src\hotspot\share\interpreter\linkResolver.cpp, line 759]
Event: 1.163 Thread 0x000001b5a936d300 Exception <a 'java/lang/NoSuchMethodError'{0x000000008a544a18}: 'java.lang.Object java.lang.invoke.DirectMethodHandle$Holder.invokeStaticInit(java.lang.Object, java.lang.Object, long, java.lang.Object)'> (0x000000008a544a18) 
thrown [s\src\hotspot\share\interpreter\linkResolver.cpp, line 759]
Event: 1.164 Thread 0x000001b5a936d300 Exception <a 'java/lang/NoSuchMethodError'{0x000000008a54b198}: 'java.lang.Object java.lang.invoke.DirectMethodHandle$Holder.newInvokeSpecial(java.lang.Object, java.lang.Object, long)'> (0x000000008a54b198) 
thrown [s\src\hotspot\share\interpreter\linkResolver.cpp, line 759]
Event: 1.164 Thread 0x000001b5a936d300 Exception <a 'java/lang/NoSuchMethodError'{0x000000008a54ed08}: 'java.lang.Object java.lang.invoke.Invokers$Holder.linkToTargetMethod(java.lang.Object, long, java.lang.Object)'> (0x000000008a54ed08) 
thrown [s\src\hotspot\share\interpreter\linkResolver.cpp, line 759]
Event: 1.185 Thread 0x000001b5a936d300 Exception <a 'java/lang/NoSuchMethodError'{0x000000008a5a2218}: 'void java.lang.invoke.DirectMethodHandle$Holder.invokeSpecial(java.lang.Object, java.lang.Object, java.lang.Object, java.lang.Object, java.lang.Object)'> (0x000000008a5a2218) 
thrown [s\src\hotspot\share\interpreter\linkResolver.cpp, line 759]
Event: 1.186 Thread 0x000001b5a936d300 Exception <a 'java/lang/NoSuchMethodError'{0x000000008a5aa830}: 'void java.lang.invoke.DirectMethodHandle$Holder.invokeVirtual(java.lang.Object, java.lang.Object, java.lang.Object, java.lang.Object)'> (0x000000008a5aa830) 
thrown [s\src\hotspot\share\interpreter\linkResolver.cpp, line 759]
Event: 1.238 Thread 0x000001b5a936d300 Exception <a 'java/lang/NoSuchMethodError'{0x000000008a30ed50}: 'void java.lang.invoke.DirectMethodHandle$Holder.invokeSpecial(java.lang.Object, java.lang.Object, java.lang.Object)'> (0x000000008a30ed50) 
thrown [s\src\hotspot\share\interpreter\linkResolver.cpp, line 759]
Event: 1.248 Thread 0x000001b5a936d300 Exception <a 'java/lang/IncompatibleClassChangeError'{0x000000008a340d00}: Found class java.lang.Object, but interface was expected> (0x000000008a340d00) 
thrown [s\src\hotspot\share\interpreter\linkResolver.cpp, line 826]
Event: 1.249 Thread 0x000001b5c7046530 Exception <a 'java/lang/NoClassDefFoundError'{0x000000008a38c120}: jakarta/validation/Validation> (0x000000008a38c120) 
thrown [s\src\hotspot\share\classfile\systemDictionary.cpp, line 245]

VM Operations (20 events):
Event: 0.181 Executing VM operation: HandshakeAllThreads
Event: 0.181 Executing VM operation: HandshakeAllThreads done
Event: 0.316 Executing VM operation: HandshakeAllThreads
Event: 0.316 Executing VM operation: HandshakeAllThreads done
Event: 0.332 Executing VM operation: HandshakeAllThreads
Event: 0.332 Executing VM operation: HandshakeAllThreads done
Event: 0.473 Executing VM operation: HandshakeAllThreads
Event: 0.473 Executing VM operation: HandshakeAllThreads done
Event: 0.495 Executing VM operation: HandshakeAllThreads
Event: 0.495 Executing VM operation: HandshakeAllThreads done
Event: 0.640 Executing VM operation: G1CollectForAllocation
Event: 0.645 Executing VM operation: G1CollectForAllocation done
Event: 0.752 Executing VM operation: HandshakeAllThreads
Event: 0.752 Executing VM operation: HandshakeAllThreads done
Event: 1.041 Executing VM operation: HandshakeAllThreads
Event: 1.041 Executing VM operation: HandshakeAllThreads done
Event: 1.062 Executing VM operation: G1CollectForAllocation
Event: 1.066 Executing VM operation: G1CollectForAllocation done
Event: 1.234 Executing VM operation: HandshakeAllThreads
Event: 1.234 Executing VM operation: HandshakeAllThreads done

Events (20 events):
Event: 1.297 loading class jdk/xml/internal/XMLSecurityManager$Processor
Event: 1.297 loading class jdk/xml/internal/XMLSecurityManager$Processor done
Event: 1.298 loading class jdk/xml/internal/XMLSecurityManager$NameMap
Event: 1.298 loading class jdk/xml/internal/XMLSecurityManager$NameMap done
Event: 1.298 loading class jdk/xml/internal/JdkProperty
Event: 1.298 loading class jdk/xml/internal/JdkProperty done
Event: 1.315 loading class java/util/zip/ZipException
Event: 1.315 loading class java/util/zip/ZipException done
Event: 1.315 loading class java/nio/file/FileSystemNotFoundException
Event: 1.315 loading class java/nio/file/FileSystemNotFoundException done
Event: 1.316 loading class jdk/internal/module/SystemModules$all
Event: 1.317 loading class jdk/internal/module/SystemModules$all done
Event: 1.327 loading class java/text/DateFormat
Event: 1.327 loading class java/text/Format
Event: 1.327 loading class java/text/Format done
Event: 1.327 loading class java/text/DateFormat done
Event: 1.327 loading class java/text/SimpleDateFormat
Event: 1.328 loading class java/text/SimpleDateFormat done
Event: 1.349 loading class java/util/regex/Pattern$StartS
Event: 1.349 loading class java/util/regex/Pattern$StartS done


Dynamic libraries:
0x00007ff60c4a0000 - 0x00007ff60c4ae000 	C:\Users\15407\.vscode\extensions\redhat.java-1.32.0-win32-x64\jre\17.0.11-win32-x86_64\bin\java.exe
0x00007fff13350000 - 0x00007fff13567000 	C:\WINDOWS\SYSTEM32\ntdll.dll
0x00007fff123e0000 - 0x00007fff124a4000 	C:\WINDOWS\System32\KERNEL32.DLL
0x00007fff10960000 - 0x00007fff10d0c000 	C:\WINDOWS\System32\KERNELBASE.dll
0x00007fff10f00000 - 0x00007fff11011000 	C:\WINDOWS\System32\ucrtbase.dll
0x00007fff03fe0000 - 0x00007fff03ff7000 	C:\Users\15407\.vscode\extensions\redhat.java-1.32.0-win32-x64\jre\17.0.11-win32-x86_64\bin\jli.dll
0x00007ffeff250000 - 0x00007ffeff26b000 	C:\Users\15407\.vscode\extensions\redhat.java-1.32.0-win32-x64\jre\17.0.11-win32-x86_64\bin\VCRUNTIME140.dll
0x00007fff11ac0000 - 0x00007fff11c6e000 	C:\WINDOWS\System32\USER32.dll
0x00007fff10930000 - 0x00007fff10956000 	C:\WINDOWS\System32\win32u.dll
0x00007fff13280000 - 0x00007fff132a9000 	C:\WINDOWS\System32\GDI32.dll
0x00007fff10740000 - 0x00007fff10859000 	C:\WINDOWS\System32\gdi32full.dll
0x00007fff10860000 - 0x00007fff108fa000 	C:\WINDOWS\System32\msvcp_win.dll
0x00007ffefd8b0000 - 0x00007ffefdb43000 	C:\WINDOWS\WinSxS\amd64_microsoft.windows.common-controls_6595b64144ccf1df_6.0.22621.3672_none_2713b9d173822955\COMCTL32.dll
0x00007fff11120000 - 0x00007fff111c7000 	C:\WINDOWS\System32\msvcrt.dll
0x00007fff11d50000 - 0x00007fff11d81000 	C:\WINDOWS\System32\IMM32.DLL
0x00007fff0c030000 - 0x00007fff0c03c000 	C:\Users\15407\.vscode\extensions\redhat.java-1.32.0-win32-x64\jre\17.0.11-win32-x86_64\bin\vcruntime140_1.dll
0x00007ffeb33a0000 - 0x00007ffeb342d000 	C:\Users\15407\.vscode\extensions\redhat.java-1.32.0-win32-x64\jre\17.0.11-win32-x86_64\bin\msvcp140.dll
0x00007ffe97f90000 - 0x00007ffe98bf2000 	C:\Users\15407\.vscode\extensions\redhat.java-1.32.0-win32-x64\jre\17.0.11-win32-x86_64\bin\server\jvm.dll
0x00007fff12e30000 - 0x00007fff12ee2000 	C:\WINDOWS\System32\ADVAPI32.dll
0x00007fff11c90000 - 0x00007fff11d3a000 	C:\WINDOWS\System32\sechost.dll
0x00007fff10900000 - 0x00007fff10928000 	C:\WINDOWS\System32\bcrypt.dll
0x00007fff12d10000 - 0x00007fff12e25000 	C:\WINDOWS\System32\RPCRT4.dll
0x00007fff09db0000 - 0x00007fff09de4000 	C:\WINDOWS\SYSTEM32\WINMM.dll
0x00007ffef0f20000 - 0x00007ffef0f29000 	C:\WINDOWS\SYSTEM32\WSOCK32.dll
0x00007fff0f530000 - 0x00007fff0f57d000 	C:\WINDOWS\SYSTEM32\POWRPROF.dll
0x00007fff11ee0000 - 0x00007fff11f51000 	C:\WINDOWS\System32\WS2_32.dll
0x00007fff091a0000 - 0x00007fff091aa000 	C:\WINDOWS\SYSTEM32\VERSION.dll
0x00007fff0f4f0000 - 0x00007fff0f503000 	C:\WINDOWS\SYSTEM32\UMPDC.dll
0x00007fff0f7a0000 - 0x00007fff0f7b8000 	C:\WINDOWS\SYSTEM32\kernel.appcore.dll
0x00007fff08ac0000 - 0x00007fff08aca000 	C:\Users\15407\.vscode\extensions\redhat.java-1.32.0-win32-x64\jre\17.0.11-win32-x86_64\bin\jimage.dll
0x00007fff0e170000 - 0x00007fff0e3a2000 	C:\WINDOWS\SYSTEM32\DBGHELP.DLL
0x00007fff12ef0000 - 0x00007fff13278000 	C:\WINDOWS\System32\combase.dll
0x00007fff11e00000 - 0x00007fff11ed7000 	C:\WINDOWS\System32\OLEAUT32.dll
0x00007ffeec9a0000 - 0x00007ffeec9d2000 	C:\WINDOWS\SYSTEM32\dbgcore.DLL
0x00007fff10e80000 - 0x00007fff10efb000 	C:\WINDOWS\System32\bcryptPrimitives.dll
0x00007ffef9880000 - 0x00007ffef98a5000 	C:\Users\15407\.vscode\extensions\redhat.java-1.32.0-win32-x64\jre\17.0.11-win32-x86_64\bin\java.dll
0x00007ffefed60000 - 0x00007ffefed78000 	C:\Users\15407\.vscode\extensions\redhat.java-1.32.0-win32-x64\jre\17.0.11-win32-x86_64\bin\zip.dll
0x00007fff111d0000 - 0x00007fff11a2c000 	C:\WINDOWS\System32\SHELL32.dll
0x00007fff0e5e0000 - 0x00007fff0eed7000 	C:\WINDOWS\SYSTEM32\windows.storage.dll
0x00007fff0e4a0000 - 0x00007fff0e5df000 	C:\WINDOWS\SYSTEM32\wintypes.dll
0x00007fff12af0000 - 0x00007fff12be4000 	C:\WINDOWS\System32\SHCORE.dll
0x00007fff11d90000 - 0x00007fff11dee000 	C:\WINDOWS\System32\shlwapi.dll
0x00007fff105b0000 - 0x00007fff105d1000 	C:\WINDOWS\SYSTEM32\profapi.dll
0x00007ffefad20000 - 0x00007ffefad39000 	C:\Users\15407\.vscode\extensions\redhat.java-1.32.0-win32-x64\jre\17.0.11-win32-x86_64\bin\net.dll
0x00007fff0b090000 - 0x00007fff0b1c6000 	C:\WINDOWS\SYSTEM32\WINHTTP.dll
0x00007fff0fc10000 - 0x00007fff0fc79000 	C:\WINDOWS\system32\mswsock.dll
0x00007ffefa8c0000 - 0x00007ffefa8d6000 	C:\Users\15407\.vscode\extensions\redhat.java-1.32.0-win32-x64\jre\17.0.11-win32-x86_64\bin\nio.dll

dbghelp: loaded successfully - version: 4.0.5 - missing functions: none
symbol engine: initialized successfully - sym options: 0x614 - pdb path: .;C:\Users\15407\.vscode\extensions\redhat.java-1.32.0-win32-x64\jre\17.0.11-win32-x86_64\bin;C:\WINDOWS\SYSTEM32;C:\WINDOWS\WinSxS\amd64_microsoft.windows.common-controls_6595b64144ccf1df_6.0.22621.3672_none_2713b9d173822955;C:\Users\15407\.vscode\extensions\redhat.java-1.32.0-win32-x64\jre\17.0.11-win32-x86_64\bin\server

VM Arguments:
jvm_args: -XX:+ShowCodeDetailsInExceptionMessages 
java_command: com.sugessti.gamerec.GamerecApplication
java_class_path (initial): C:\workspace\game_rec_backend\gamerec\target\classes;C:\Users\15407\.m2\repository\org\springframework\boot\spring-boot-starter-data-jpa\3.2.8-SNAPSHOT\spring-boot-starter-data-jpa-3.2.8-SNAPSHOT.jar;C:\Users\15407\.m2\repository\org\springframework\boot\spring-boot-starter-aop\3.2.8-SNAPSHOT\spring-boot-starter-aop-3.2.8-SNAPSHOT.jar;C:\Users\15407\.m2\repository\org\springframework\spring-aop\6.1.10\spring-aop-6.1.10.jar;C:\Users\15407\.m2\repository\org\aspectj\aspectjweaver\1.9.22\aspectjweaver-1.9.22.jar;C:\Users\15407\.m2\repository\org\springframework\boot\spring-boot-starter-jdbc\3.2.8-SNAPSHOT\spring-boot-starter-jdbc-3.2.8-SNAPSHOT.jar;C:\Users\15407\.m2\repository\com\zaxxer\HikariCP\5.0.1\HikariCP-5.0.1.jar;C:\Users\15407\.m2\repository\org\springframework\spring-jdbc\6.1.10\spring-jdbc-6.1.10.jar;C:\Users\15407\.m2\repository\org\hibernate\orm\hibernate-core\6.4.9.Final\hibernate-core-6.4.9.Final.jar;C:\Users\15407\.m2\repository\jakarta\persistence\jakarta.persistence-api\3.1.0\jakarta.persistence-api-3.1.0.jar;C:\Users\15407\.m2\repository\jakarta\transaction\jakarta.transaction-api\2.0.1\jakarta.transaction-api-2.0.1.jar;C:\Users\15407\.m2\repository\org\jboss\logging\jboss-logging\3.5.3.Final\jboss-logging-3.5.3.Final.jar;C:\Users\15407\.m2\repository\org\hibernate\common\hibernate-commons-annotations\6.0.6.Final\hibernate-commons-annotations-6.0.6.Final.jar;C:\Users\15407\.m2\repository\io\smallrye\jandex\3.1.2\jandex-3.1.2.jar;C:\Users\15407\.m2\repository\com\fasterxml\classmate\1.6.0\classmate-1.6.0.jar;C:\Users\15407\.m2\repository\net\bytebuddy\byte-buddy\1.14.17\byte-buddy-1.14.17.jar;C:\Users\15407\.m2\repository\org\glassfish\jaxb\jaxb-runtime\4.0.5\jaxb-runtime-4.0.5.jar;C:\Users\15407\.m2\repository\org\glassfish\jaxb\jaxb-core\4.0.5\jaxb-core-4.0.5.jar;C:\Users\15407\.m2\repository\org\eclipse\angus\angus-activation\2.0.2\angus-activation-2.0.2.jar;C:\Users\15407\.m2\repository\org\glassfish\jaxb\txw2\4.0.5\t
Launcher Type: SUN_STANDARD

[Global flags]
     intx CICompilerCount                          = 3                                         {product} {ergonomic}
     uint ConcGCThreads                            = 1                                         {product} {ergonomic}
     uint G1ConcRefinementThreads                  = 4                                         {product} {ergonomic}
   size_t G1HeapRegionSize                         = 1048576                                   {product} {ergonomic}
    uintx GCDrainStackTargetSize                   = 64                                        {product} {ergonomic}
   size_t InitialHeapSize                          = 132120576                                 {product} {ergonomic}
   size_t MarkStackSize                            = 4194304                                   {product} {ergonomic}
   size_t MaxHeapSize                              = 2103443456                                {product} {ergonomic}
   size_t MaxNewSize                               = 1261436928                                {product} {ergonomic}
   size_t MinHeapDeltaBytes                        = 1048576                                   {product} {ergonomic}
   size_t MinHeapSize                              = 8388608                                   {product} {ergonomic}
    uintx NonNMethodCodeHeapSize                   = 5832780                                {pd product} {ergonomic}
    uintx NonProfiledCodeHeapSize                  = 122912730                              {pd product} {ergonomic}
    uintx ProfiledCodeHeapSize                     = 122912730                              {pd product} {ergonomic}
    uintx ReservedCodeCacheSize                    = 251658240                              {pd product} {ergonomic}
     bool SegmentedCodeCache                       = true                                      {product} {ergonomic}
     bool ShowCodeDetailsInExceptionMessages       = true                                   {manageable} {command line}
   size_t SoftMaxHeapSize                          = 2103443456                             {manageable} {ergonomic}
     bool UseCompressedClassPointers               = true                           {product lp64_product} {ergonomic}
     bool UseCompressedOops                        = true                           {product lp64_product} {ergonomic}
     bool UseG1GC                                  = true                                      {product} {ergonomic}
     bool UseLargePagesIndividualAllocation        = false                                  {pd product} {ergonomic}

Logging:
Log output configuration:
 #0: stdout all=warning uptime,level,tags
 #1: stderr all=off uptime,level,tags

Environment Variables:
JAVA_HOME=C:\Program Files\Java\jdk-11\
PATH=C:\Program Files\Common Files\Oracle\Java\javapath;C:\Python312\Scripts\;C:\Python312\;C:\WINDOWS\system32;C:\WINDOWS;C:\WINDOWS\System32\Wbem;C:\WINDOWS\System32\WindowsPowerShell\v1.0\;C:\WINDOWS\System32\OpenSSH\;C:\Program Files\dotnet\;C:\Program Files\nodejs\;C:\ProgramData\chocolatey\bin;C:\Program Files\Git\cmd;C:\Users\15407\AppData\Local\Microsoft\WindowsApps;C:\Users\15407\AppData\Roaming\npm;C:\Users\15407\AppData\Local\Programs\Microsoft VS Code\bin
USERNAME=15407
LANG=en_US.UTF-8
OS=Windows_NT
PROCESSOR_IDENTIFIER=Intel64 Family 6 Model 142 Stepping 12, GenuineIntel
TMP=C:\Users\15407\AppData\Local\Temp
TEMP=C:\Users\15407\AppData\Local\Temp



Periodic native trim disabled


---------------  S Y S T E M  ---------------

OS:
 Windows 11 , 64 bit Build 22621 (10.0.22621.3672)
OS uptime: 3 days 7:28 hours

CPU: total 4 (initial active 4) (2 cores per cpu, 2 threads per core) family 6 model 142 stepping 12 microcode 0xde, cx8, cmov, fxsr, ht, mmx, 3dnowpref, sse, sse2, sse3, ssse3, sse4.1, sse4.2, popcnt, lzcnt, tsc, tscinvbit, avx, avx2, aes, erms, clmul, bmi1, bmi2, adx, fma, vzeroupper, clflush, clflushopt
Processor Information for all 4 processors :
  Max Mhz: 2501, Current Mhz: 2100, Mhz Limit: 2075

Memory: 4k page, system-wide physical 8017M (1018M free)
TotalPageFile size 10198M (AvailPageFile size 1M)
current process WorkingSet (physical memory assigned to process): 82M, peak: 82M
current process commit charge ("private bytes"): 220M, peak: 220M

vm_info: OpenJDK 64-Bit Server VM (17.0.11+9) for windows-amd64 JRE (17.0.11+9), built on Apr 17 2024 06:07:48 by "admin" with MS VC++ 16.10 / 16.11 (VS2019)

END.
